C:\Users\Ndiananie\Git\ProjectUpdates\PTAngular\projectupdatesfrontend\dist\out-tsc\e2e\app.po.js
C:\Users\Ndiananie\Git\ProjectUpdates\PTAngular\projectupdatesfrontend\dist\out-tsc\e2e\app.po.js.map
C:\Users\Ndiananie\Git\ProjectUpdates\PTAngular\projectupdatesfrontend\dist\out-tsc\e2e\app.e2e-spec.js
C:\Users\Ndiananie\Git\ProjectUpdates\PTAngular\projectupdatesfrontend\dist\out-tsc\e2e\app.e2e-spec.js.map
C:\Users\Ndiananie\Git\ProjectUpdates\PTAngular\projectupdatesfrontend\dist\out-tsc\src\app\shared\template-config\config.interface.js
C:\Users\Ndiananie\Git\ProjectUpdates\PTAngular\projectupdatesfrontend\dist\out-tsc\src\app\shared\template-config\config.interface.js.map
C:\Users\Ndiananie\Git\ProjectUpdates\PTAngular\projectupdatesfrontend\dist\out-tsc\src\app\shared\services\config.service.js
C:\Users\Ndiananie\Git\ProjectUpdates\PTAngular\projectupdatesfrontend\dist\out-tsc\src\app\shared\services\config.service.js.map
C:\Users\Ndiananie\Git\ProjectUpdates\PTAngular\projectupdatesfrontend\dist\out-tsc\src\app\shared\services\layout.service.js
C:\Users\Ndiananie\Git\ProjectUpdates\PTAngular\projectupdatesfrontend\dist\out-tsc\src\app\shared\services\layout.service.js.map
C:\Users\Ndiananie\Git\ProjectUpdates\PTAngular\projectupdatesfrontend\dist\out-tsc\src\app\layouts\full\full-layout.component.js
C:\Users\Ndiananie\Git\ProjectUpdates\PTAngular\projectupdatesfrontend\dist\out-tsc\src\app\layouts\full\full-layout.component.js.map
C:\Users\Ndiananie\Git\ProjectUpdates\PTAngular\projectupdatesfrontend\dist\out-tsc\src\app\layouts\content\content-layout.component.js
C:\Users\Ndiananie\Git\ProjectUpdates\PTAngular\projectupdatesfrontend\dist\out-tsc\src\app\layouts\content\content-layout.component.js.map
C:\Users\Ndiananie\Git\ProjectUpdates\PTAngular\projectupdatesfrontend\dist\out-tsc\src\app\shared\routes\full-layout.routes.js
C:\Users\Ndiananie\Git\ProjectUpdates\PTAngular\projectupdatesfrontend\dist\out-tsc\src\app\shared\routes\full-layout.routes.js.map
C:\Users\Ndiananie\Git\ProjectUpdates\PTAngular\projectupdatesfrontend\dist\out-tsc\src\app\shared\routes\content-layout.routes.js
C:\Users\Ndiananie\Git\ProjectUpdates\PTAngular\projectupdatesfrontend\dist\out-tsc\src\app\shared\routes\content-layout.routes.js.map
C:\Users\Ndiananie\Git\ProjectUpdates\PTAngular\projectupdatesfrontend\dist\out-tsc\src\app\shared\auth\auth.service.js
C:\Users\Ndiananie\Git\ProjectUpdates\PTAngular\projectupdatesfrontend\dist\out-tsc\src\app\shared\auth\auth.service.js.map
C:\Users\Ndiananie\Git\ProjectUpdates\PTAngular\projectupdatesfrontend\dist\out-tsc\src\app\shared\auth\auth-guard.service.js
C:\Users\Ndiananie\Git\ProjectUpdates\PTAngular\projectupdatesfrontend\dist\out-tsc\src\app\shared\auth\auth-guard.service.js.map
C:\Users\Ndiananie\Git\ProjectUpdates\PTAngular\projectupdatesfrontend\dist\out-tsc\src\app\app-routing.module.js
C:\Users\Ndiananie\Git\ProjectUpdates\PTAngular\projectupdatesfrontend\dist\out-tsc\src\app\app-routing.module.js.map
C:\Users\Ndiananie\Git\ProjectUpdates\PTAngular\projectupdatesfrontend\dist\out-tsc\src\app\shared\footer\footer.component.js
C:\Users\Ndiananie\Git\ProjectUpdates\PTAngular\projectupdatesfrontend\dist\out-tsc\src\app\shared\footer\footer.component.js.map
C:\Users\Ndiananie\Git\ProjectUpdates\PTAngular\projectupdatesfrontend\dist\out-tsc\src\app\shared\navbar\navbar.component.js
C:\Users\Ndiananie\Git\ProjectUpdates\PTAngular\projectupdatesfrontend\dist\out-tsc\src\app\shared\navbar\navbar.component.js.map
C:\Users\Ndiananie\Git\ProjectUpdates\PTAngular\projectupdatesfrontend\dist\out-tsc\src\app\shared\sidebar\sidebar.metadata.js
C:\Users\Ndiananie\Git\ProjectUpdates\PTAngular\projectupdatesfrontend\dist\out-tsc\src\app\shared\sidebar\sidebar.metadata.js.map
C:\Users\Ndiananie\Git\ProjectUpdates\PTAngular\projectupdatesfrontend\dist\out-tsc\src\app\shared\sidebar\sidebar-routes.config.js
C:\Users\Ndiananie\Git\ProjectUpdates\PTAngular\projectupdatesfrontend\dist\out-tsc\src\app\shared\sidebar\sidebar-routes.config.js.map
C:\Users\Ndiananie\Git\ProjectUpdates\PTAngular\projectupdatesfrontend\dist\out-tsc\src\app\shared\animations\custom-animations.js
C:\Users\Ndiananie\Git\ProjectUpdates\PTAngular\projectupdatesfrontend\dist\out-tsc\src\app\shared\animations\custom-animations.js.map
C:\Users\Ndiananie\Git\ProjectUpdates\PTAngular\projectupdatesfrontend\dist\out-tsc\src\app\shared\sidebar\sidebar.component.js
C:\Users\Ndiananie\Git\ProjectUpdates\PTAngular\projectupdatesfrontend\dist\out-tsc\src\app\shared\sidebar\sidebar.component.js.map
C:\Users\Ndiananie\Git\ProjectUpdates\PTAngular\projectupdatesfrontend\dist\out-tsc\src\app\shared\customizer\customizer.component.js
C:\Users\Ndiananie\Git\ProjectUpdates\PTAngular\projectupdatesfrontend\dist\out-tsc\src\app\shared\customizer\customizer.component.js.map
C:\Users\Ndiananie\Git\ProjectUpdates\PTAngular\projectupdatesfrontend\dist\out-tsc\src\app\shared\notification-sidebar\notification-sidebar.component.js
C:\Users\Ndiananie\Git\ProjectUpdates\PTAngular\projectupdatesfrontend\dist\out-tsc\src\app\shared\notification-sidebar\notification-sidebar.component.js.map
C:\Users\Ndiananie\Git\ProjectUpdates\PTAngular\projectupdatesfrontend\dist\out-tsc\src\app\shared\directives\toggle-fullscreen.directive.js
C:\Users\Ndiananie\Git\ProjectUpdates\PTAngular\projectupdatesfrontend\dist\out-tsc\src\app\shared\directives\toggle-fullscreen.directive.js.map
C:\Users\Ndiananie\Git\ProjectUpdates\PTAngular\projectupdatesfrontend\dist\out-tsc\src\app\shared\directives\sidebarlist.directive.js
C:\Users\Ndiananie\Git\ProjectUpdates\PTAngular\projectupdatesfrontend\dist\out-tsc\src\app\shared\directives\sidebarlist.directive.js.map
C:\Users\Ndiananie\Git\ProjectUpdates\PTAngular\projectupdatesfrontend\dist\out-tsc\src\app\shared\directives\sidebarlink.directive.js
C:\Users\Ndiananie\Git\ProjectUpdates\PTAngular\projectupdatesfrontend\dist\out-tsc\src\app\shared\directives\sidebarlink.directive.js.map
C:\Users\Ndiananie\Git\ProjectUpdates\PTAngular\projectupdatesfrontend\dist\out-tsc\src\app\shared\directives\sidebar.directive.js
C:\Users\Ndiananie\Git\ProjectUpdates\PTAngular\projectupdatesfrontend\dist\out-tsc\src\app\shared\directives\sidebar.directive.js.map
C:\Users\Ndiananie\Git\ProjectUpdates\PTAngular\projectupdatesfrontend\dist\out-tsc\src\app\shared\directives\sidebaranchortoggle.directive.js
C:\Users\Ndiananie\Git\ProjectUpdates\PTAngular\projectupdatesfrontend\dist\out-tsc\src\app\shared\directives\sidebaranchortoggle.directive.js.map
C:\Users\Ndiananie\Git\ProjectUpdates\PTAngular\projectupdatesfrontend\dist\out-tsc\src\app\shared\directives\sidebartoggle.directive.js
C:\Users\Ndiananie\Git\ProjectUpdates\PTAngular\projectupdatesfrontend\dist\out-tsc\src\app\shared\directives\sidebartoggle.directive.js.map
C:\Users\Ndiananie\Git\ProjectUpdates\PTAngular\projectupdatesfrontend\dist\out-tsc\src\app\shared\shared.module.js
C:\Users\Ndiananie\Git\ProjectUpdates\PTAngular\projectupdatesfrontend\dist\out-tsc\src\app\shared\shared.module.js.map
C:\Users\Ndiananie\Git\ProjectUpdates\PTAngular\projectupdatesfrontend\dist\out-tsc\src\app\app.component.js
C:\Users\Ndiananie\Git\ProjectUpdates\PTAngular\projectupdatesfrontend\dist\out-tsc\src\app\app.component.js.map
C:\Users\Ndiananie\Git\ProjectUpdates\PTAngular\projectupdatesfrontend\dist\out-tsc\src\app\app.module.js
C:\Users\Ndiananie\Git\ProjectUpdates\PTAngular\projectupdatesfrontend\dist\out-tsc\src\app\app.module.js.map
C:\Users\Ndiananie\Git\ProjectUpdates\PTAngular\projectupdatesfrontend\dist\out-tsc\src\environments\environment.js
C:\Users\Ndiananie\Git\ProjectUpdates\PTAngular\projectupdatesfrontend\dist\out-tsc\src\environments\environment.js.map
C:\Users\Ndiananie\Git\ProjectUpdates\PTAngular\projectupdatesfrontend\dist\out-tsc\src\main.js
C:\Users\Ndiananie\Git\ProjectUpdates\PTAngular\projectupdatesfrontend\dist\out-tsc\src\main.js.map
C:\Users\Ndiananie\Git\ProjectUpdates\PTAngular\projectupdatesfrontend\dist\out-tsc\src\polyfills.js
C:\Users\Ndiananie\Git\ProjectUpdates\PTAngular\projectupdatesfrontend\dist\out-tsc\src\polyfills.js.map
C:\Users\Ndiananie\Git\ProjectUpdates\PTAngular\projectupdatesfrontend\dist\out-tsc\src\test.js
C:\Users\Ndiananie\Git\ProjectUpdates\PTAngular\projectupdatesfrontend\dist\out-tsc\src\test.js.map
C:\Users\Ndiananie\Git\ProjectUpdates\PTAngular\projectupdatesfrontend\dist\out-tsc\src\environments\environment.prod.js
C:\Users\Ndiananie\Git\ProjectUpdates\PTAngular\projectupdatesfrontend\dist\out-tsc\src\environments\environment.prod.js.map
C:\Users\Ndiananie\Git\ProjectUpdates\PTAngular\projectupdatesfrontend\dist\out-tsc\src\app\calendar\calendar.component.js
C:\Users\Ndiananie\Git\ProjectUpdates\PTAngular\projectupdatesfrontend\dist\out-tsc\src\app\calendar\calendar.component.js.map
C:\Users\Ndiananie\Git\ProjectUpdates\PTAngular\projectupdatesfrontend\dist\out-tsc\src\app\calendar\calendar-routing.module.js
C:\Users\Ndiananie\Git\ProjectUpdates\PTAngular\projectupdatesfrontend\dist\out-tsc\src\app\calendar\calendar-routing.module.js.map
C:\Users\Ndiananie\Git\ProjectUpdates\PTAngular\projectupdatesfrontend\dist\out-tsc\src\app\calendar\date-time-picker.component.js
C:\Users\Ndiananie\Git\ProjectUpdates\PTAngular\projectupdatesfrontend\dist\out-tsc\src\app\calendar\date-time-picker.component.js.map
C:\Users\Ndiananie\Git\ProjectUpdates\PTAngular\projectupdatesfrontend\dist\out-tsc\src\app\calendar\calendar.module.js
C:\Users\Ndiananie\Git\ProjectUpdates\PTAngular\projectupdatesfrontend\dist\out-tsc\src\app\calendar\calendar.module.js.map
C:\Users\Ndiananie\Git\ProjectUpdates\PTAngular\projectupdatesfrontend\dist\out-tsc\src\app\cards\basic\basic-cards.component.js
C:\Users\Ndiananie\Git\ProjectUpdates\PTAngular\projectupdatesfrontend\dist\out-tsc\src\app\cards\basic\basic-cards.component.js.map
C:\Users\Ndiananie\Git\ProjectUpdates\PTAngular\projectupdatesfrontend\dist\out-tsc\src\app\cards\advanced\advanced-cards.component.js
C:\Users\Ndiananie\Git\ProjectUpdates\PTAngular\projectupdatesfrontend\dist\out-tsc\src\app\cards\advanced\advanced-cards.component.js.map
C:\Users\Ndiananie\Git\ProjectUpdates\PTAngular\projectupdatesfrontend\dist\out-tsc\src\app\cards\cards-routing.module.js
C:\Users\Ndiananie\Git\ProjectUpdates\PTAngular\projectupdatesfrontend\dist\out-tsc\src\app\cards\cards-routing.module.js.map
C:\Users\Ndiananie\Git\ProjectUpdates\PTAngular\projectupdatesfrontend\dist\out-tsc\src\app\shared\directives\match-height.directive.js
C:\Users\Ndiananie\Git\ProjectUpdates\PTAngular\projectupdatesfrontend\dist\out-tsc\src\app\shared\directives\match-height.directive.js.map
C:\Users\Ndiananie\Git\ProjectUpdates\PTAngular\projectupdatesfrontend\dist\out-tsc\src\app\cards\cards.module.js
C:\Users\Ndiananie\Git\ProjectUpdates\PTAngular\projectupdatesfrontend\dist\out-tsc\src\app\cards\cards.module.js.map
C:\Users\Ndiananie\Git\ProjectUpdates\PTAngular\projectupdatesfrontend\dist\out-tsc\src\app\charts\chartist\chartist.component.js
C:\Users\Ndiananie\Git\ProjectUpdates\PTAngular\projectupdatesfrontend\dist\out-tsc\src\app\charts\chartist\chartist.component.js.map
C:\Users\Ndiananie\Git\ProjectUpdates\PTAngular\projectupdatesfrontend\dist\out-tsc\src\app\shared\data\chartjs.js
C:\Users\Ndiananie\Git\ProjectUpdates\PTAngular\projectupdatesfrontend\dist\out-tsc\src\app\shared\data\chartjs.js.map
C:\Users\Ndiananie\Git\ProjectUpdates\PTAngular\projectupdatesfrontend\dist\out-tsc\src\app\charts\chartjs\chartjs.component.js
C:\Users\Ndiananie\Git\ProjectUpdates\PTAngular\projectupdatesfrontend\dist\out-tsc\src\app\charts\chartjs\chartjs.component.js.map
C:\Users\Ndiananie\Git\ProjectUpdates\PTAngular\projectupdatesfrontend\dist\out-tsc\src\app\shared\data\ngxChart.js
C:\Users\Ndiananie\Git\ProjectUpdates\PTAngular\projectupdatesfrontend\dist\out-tsc\src\app\shared\data\ngxChart.js.map
C:\Users\Ndiananie\Git\ProjectUpdates\PTAngular\projectupdatesfrontend\dist\out-tsc\src\app\shared\configs\ngx-charts.config.js
C:\Users\Ndiananie\Git\ProjectUpdates\PTAngular\projectupdatesfrontend\dist\out-tsc\src\app\shared\configs\ngx-charts.config.js.map
C:\Users\Ndiananie\Git\ProjectUpdates\PTAngular\projectupdatesfrontend\dist\out-tsc\src\app\charts\ngx-charts\ngx-charts.component.js
C:\Users\Ndiananie\Git\ProjectUpdates\PTAngular\projectupdatesfrontend\dist\out-tsc\src\app\charts\ngx-charts\ngx-charts.component.js.map
C:\Users\Ndiananie\Git\ProjectUpdates\PTAngular\projectupdatesfrontend\dist\out-tsc\src\app\charts\charts-routing.module.js
C:\Users\Ndiananie\Git\ProjectUpdates\PTAngular\projectupdatesfrontend\dist\out-tsc\src\app\charts\charts-routing.module.js.map
C:\Users\Ndiananie\Git\ProjectUpdates\PTAngular\projectupdatesfrontend\dist\out-tsc\src\app\charts\charts.module.js
C:\Users\Ndiananie\Git\ProjectUpdates\PTAngular\projectupdatesfrontend\dist\out-tsc\src\app\charts\charts.module.js.map
C:\Users\Ndiananie\Git\ProjectUpdates\PTAngular\projectupdatesfrontend\dist\out-tsc\src\app\chat\chat.model.js
C:\Users\Ndiananie\Git\ProjectUpdates\PTAngular\projectupdatesfrontend\dist\out-tsc\src\app\chat\chat.model.js.map
C:\Users\Ndiananie\Git\ProjectUpdates\PTAngular\projectupdatesfrontend\dist\out-tsc\src\app\chat\chat.service.js
C:\Users\Ndiananie\Git\ProjectUpdates\PTAngular\projectupdatesfrontend\dist\out-tsc\src\app\chat\chat.service.js.map
C:\Users\Ndiananie\Git\ProjectUpdates\PTAngular\projectupdatesfrontend\dist\out-tsc\src\app\chat\chat.component.js
C:\Users\Ndiananie\Git\ProjectUpdates\PTAngular\projectupdatesfrontend\dist\out-tsc\src\app\chat\chat.component.js.map
C:\Users\Ndiananie\Git\ProjectUpdates\PTAngular\projectupdatesfrontend\dist\out-tsc\src\app\chat\chat-routing.module.js
C:\Users\Ndiananie\Git\ProjectUpdates\PTAngular\projectupdatesfrontend\dist\out-tsc\src\app\chat\chat-routing.module.js.map
C:\Users\Ndiananie\Git\ProjectUpdates\PTAngular\projectupdatesfrontend\dist\out-tsc\src\app\chat\chat.module.js
C:\Users\Ndiananie\Git\ProjectUpdates\PTAngular\projectupdatesfrontend\dist\out-tsc\src\app\chat\chat.module.js.map
C:\Users\Ndiananie\Git\ProjectUpdates\PTAngular\projectupdatesfrontend\dist\out-tsc\src\app\chat-ngrx\chat-ngrx.model.js
C:\Users\Ndiananie\Git\ProjectUpdates\PTAngular\projectupdatesfrontend\dist\out-tsc\src\app\chat-ngrx\chat-ngrx.model.js.map
C:\Users\Ndiananie\Git\ProjectUpdates\PTAngular\projectupdatesfrontend\dist\out-tsc\src\app\chat-ngrx\store\chat.actions.js
C:\Users\Ndiananie\Git\ProjectUpdates\PTAngular\projectupdatesfrontend\dist\out-tsc\src\app\chat-ngrx\store\chat.actions.js.map
C:\Users\Ndiananie\Git\ProjectUpdates\PTAngular\projectupdatesfrontend\dist\out-tsc\src\app\chat-ngrx\store\chat.reducers.js
C:\Users\Ndiananie\Git\ProjectUpdates\PTAngular\projectupdatesfrontend\dist\out-tsc\src\app\chat-ngrx\store\chat.reducers.js.map
C:\Users\Ndiananie\Git\ProjectUpdates\PTAngular\projectupdatesfrontend\dist\out-tsc\src\app\chat-ngrx\chat-ngrx.component.js
C:\Users\Ndiananie\Git\ProjectUpdates\PTAngular\projectupdatesfrontend\dist\out-tsc\src\app\chat-ngrx\chat-ngrx.component.js.map
C:\Users\Ndiananie\Git\ProjectUpdates\PTAngular\projectupdatesfrontend\dist\out-tsc\src\app\chat-ngrx\chat-ngrx-routing.module.js
C:\Users\Ndiananie\Git\ProjectUpdates\PTAngular\projectupdatesfrontend\dist\out-tsc\src\app\chat-ngrx\chat-ngrx-routing.module.js.map
C:\Users\Ndiananie\Git\ProjectUpdates\PTAngular\projectupdatesfrontend\dist\out-tsc\src\app\chat-ngrx\chat-ngrx.module.js
C:\Users\Ndiananie\Git\ProjectUpdates\PTAngular\projectupdatesfrontend\dist\out-tsc\src\app\chat-ngrx\chat-ngrx.module.js.map
C:\Users\Ndiananie\Git\ProjectUpdates\PTAngular\projectupdatesfrontend\dist\out-tsc\src\app\color-palette\color-palette.component.js
C:\Users\Ndiananie\Git\ProjectUpdates\PTAngular\projectupdatesfrontend\dist\out-tsc\src\app\color-palette\color-palette.component.js.map
C:\Users\Ndiananie\Git\ProjectUpdates\PTAngular\projectupdatesfrontend\dist\out-tsc\src\app\color-palette\color-palette-routing.module.js
C:\Users\Ndiananie\Git\ProjectUpdates\PTAngular\projectupdatesfrontend\dist\out-tsc\src\app\color-palette\color-palette-routing.module.js.map
C:\Users\Ndiananie\Git\ProjectUpdates\PTAngular\projectupdatesfrontend\dist\out-tsc\src\app\color-palette\color-palette.module.js
C:\Users\Ndiananie\Git\ProjectUpdates\PTAngular\projectupdatesfrontend\dist\out-tsc\src\app\color-palette\color-palette.module.js.map
C:\Users\Ndiananie\Git\ProjectUpdates\PTAngular\projectupdatesfrontend\dist\out-tsc\src\app\components\bootstrap\buttons\buttons.component.js
C:\Users\Ndiananie\Git\ProjectUpdates\PTAngular\projectupdatesfrontend\dist\out-tsc\src\app\components\bootstrap\buttons\buttons.component.js.map
C:\Users\Ndiananie\Git\ProjectUpdates\PTAngular\projectupdatesfrontend\dist\out-tsc\src\app\components\bootstrap\lists\lists.component.js
C:\Users\Ndiananie\Git\ProjectUpdates\PTAngular\projectupdatesfrontend\dist\out-tsc\src\app\components\bootstrap\lists\lists.component.js.map
C:\Users\Ndiananie\Git\ProjectUpdates\PTAngular\projectupdatesfrontend\dist\out-tsc\src\app\components\bootstrap\alerts\alerts.component.js
C:\Users\Ndiananie\Git\ProjectUpdates\PTAngular\projectupdatesfrontend\dist\out-tsc\src\app\components\bootstrap\alerts\alerts.component.js.map
C:\Users\Ndiananie\Git\ProjectUpdates\PTAngular\projectupdatesfrontend\dist\out-tsc\src\app\shared\data\sweet-alerts.js
C:\Users\Ndiananie\Git\ProjectUpdates\PTAngular\projectupdatesfrontend\dist\out-tsc\src\app\shared\data\sweet-alerts.js.map
C:\Users\Ndiananie\Git\ProjectUpdates\PTAngular\projectupdatesfrontend\dist\out-tsc\src\app\components\extra\sweet-alerts\sweet-alerts.component.js
C:\Users\Ndiananie\Git\ProjectUpdates\PTAngular\projectupdatesfrontend\dist\out-tsc\src\app\components\extra\sweet-alerts\sweet-alerts.component.js.map
C:\Users\Ndiananie\Git\ProjectUpdates\PTAngular\projectupdatesfrontend\dist\out-tsc\src\app\components\extra\toastr\toastr.service.js
C:\Users\Ndiananie\Git\ProjectUpdates\PTAngular\projectupdatesfrontend\dist\out-tsc\src\app\components\extra\toastr\toastr.service.js.map
C:\Users\Ndiananie\Git\ProjectUpdates\PTAngular\projectupdatesfrontend\dist\out-tsc\src\app\components\extra\toastr\toastr.component.js
C:\Users\Ndiananie\Git\ProjectUpdates\PTAngular\projectupdatesfrontend\dist\out-tsc\src\app\components\extra\toastr\toastr.component.js.map
C:\Users\Ndiananie\Git\ProjectUpdates\PTAngular\projectupdatesfrontend\dist\out-tsc\src\app\components\extra\nouislider\nouislider.component.js
C:\Users\Ndiananie\Git\ProjectUpdates\PTAngular\projectupdatesfrontend\dist\out-tsc\src\app\components\extra\nouislider\nouislider.component.js.map
C:\Users\Ndiananie\Git\ProjectUpdates\PTAngular\projectupdatesfrontend\dist\out-tsc\src\app\components\bootstrap\badges\badges.component.js
C:\Users\Ndiananie\Git\ProjectUpdates\PTAngular\projectupdatesfrontend\dist\out-tsc\src\app\components\bootstrap\badges\badges.component.js.map
C:\Users\Ndiananie\Git\ProjectUpdates\PTAngular\projectupdatesfrontend\dist\out-tsc\src\app\components\bootstrap\dropdowns\dropdowns.component.js
C:\Users\Ndiananie\Git\ProjectUpdates\PTAngular\projectupdatesfrontend\dist\out-tsc\src\app\components\bootstrap\dropdowns\dropdowns.component.js.map
C:\Users\Ndiananie\Git\ProjectUpdates\PTAngular\projectupdatesfrontend\dist\out-tsc\src\app\components\bootstrap\input-groups\input-groups.component.js
C:\Users\Ndiananie\Git\ProjectUpdates\PTAngular\projectupdatesfrontend\dist\out-tsc\src\app\components\bootstrap\input-groups\input-groups.component.js.map
C:\Users\Ndiananie\Git\ProjectUpdates\PTAngular\projectupdatesfrontend\dist\out-tsc\src\app\components\bootstrap\media-objects\media-objects.component.js
C:\Users\Ndiananie\Git\ProjectUpdates\PTAngular\projectupdatesfrontend\dist\out-tsc\src\app\components\bootstrap\media-objects\media-objects.component.js.map
C:\Users\Ndiananie\Git\ProjectUpdates\PTAngular\projectupdatesfrontend\dist\out-tsc\src\app\components\bootstrap\pagination\pagination.component.js
C:\Users\Ndiananie\Git\ProjectUpdates\PTAngular\projectupdatesfrontend\dist\out-tsc\src\app\components\bootstrap\pagination\pagination.component.js.map
C:\Users\Ndiananie\Git\ProjectUpdates\PTAngular\projectupdatesfrontend\dist\out-tsc\src\app\components\bootstrap\progress\progress.component.js
C:\Users\Ndiananie\Git\ProjectUpdates\PTAngular\projectupdatesfrontend\dist\out-tsc\src\app\components\bootstrap\progress\progress.component.js.map
C:\Users\Ndiananie\Git\ProjectUpdates\PTAngular\projectupdatesfrontend\dist\out-tsc\src\app\components\bootstrap\modals\modals.component.js
C:\Users\Ndiananie\Git\ProjectUpdates\PTAngular\projectupdatesfrontend\dist\out-tsc\src\app\components\bootstrap\modals\modals.component.js.map
C:\Users\Ndiananie\Git\ProjectUpdates\PTAngular\projectupdatesfrontend\dist\out-tsc\src\app\components\bootstrap\collapse\collapse.component.js
C:\Users\Ndiananie\Git\ProjectUpdates\PTAngular\projectupdatesfrontend\dist\out-tsc\src\app\components\bootstrap\collapse\collapse.component.js.map
C:\Users\Ndiananie\Git\ProjectUpdates\PTAngular\projectupdatesfrontend\dist\out-tsc\src\app\components\bootstrap\accordion\accordion.component.js
C:\Users\Ndiananie\Git\ProjectUpdates\PTAngular\projectupdatesfrontend\dist\out-tsc\src\app\components\bootstrap\accordion\accordion.component.js.map
C:\Users\Ndiananie\Git\ProjectUpdates\PTAngular\projectupdatesfrontend\dist\out-tsc\src\app\shared\services\highlight.service.js
C:\Users\Ndiananie\Git\ProjectUpdates\PTAngular\projectupdatesfrontend\dist\out-tsc\src\app\shared\services\highlight.service.js.map
C:\Users\Ndiananie\Git\ProjectUpdates\PTAngular\projectupdatesfrontend\dist\out-tsc\src\app\components\bootstrap\carousel\carousel.component.js
C:\Users\Ndiananie\Git\ProjectUpdates\PTAngular\projectupdatesfrontend\dist\out-tsc\src\app\components\bootstrap\carousel\carousel.component.js.map
C:\Users\Ndiananie\Git\ProjectUpdates\PTAngular\projectupdatesfrontend\dist\out-tsc\src\app\components\bootstrap\datepicker\datepicker.component.js
C:\Users\Ndiananie\Git\ProjectUpdates\PTAngular\projectupdatesfrontend\dist\out-tsc\src\app\components\bootstrap\datepicker\datepicker.component.js.map
C:\Users\Ndiananie\Git\ProjectUpdates\PTAngular\projectupdatesfrontend\dist\out-tsc\src\app\components\bootstrap\popover\popover.component.js
C:\Users\Ndiananie\Git\ProjectUpdates\PTAngular\projectupdatesfrontend\dist\out-tsc\src\app\components\bootstrap\popover\popover.component.js.map
C:\Users\Ndiananie\Git\ProjectUpdates\PTAngular\projectupdatesfrontend\dist\out-tsc\src\app\components\bootstrap\rating\rating.component.js
C:\Users\Ndiananie\Git\ProjectUpdates\PTAngular\projectupdatesfrontend\dist\out-tsc\src\app\components\bootstrap\rating\rating.component.js.map
C:\Users\Ndiananie\Git\ProjectUpdates\PTAngular\projectupdatesfrontend\dist\out-tsc\src\app\components\bootstrap\tabs\tabs.component.js
C:\Users\Ndiananie\Git\ProjectUpdates\PTAngular\projectupdatesfrontend\dist\out-tsc\src\app\components\bootstrap\tabs\tabs.component.js.map
C:\Users\Ndiananie\Git\ProjectUpdates\PTAngular\projectupdatesfrontend\dist\out-tsc\src\app\components\bootstrap\timepicker\timepicker.component.js
C:\Users\Ndiananie\Git\ProjectUpdates\PTAngular\projectupdatesfrontend\dist\out-tsc\src\app\components\bootstrap\timepicker\timepicker.component.js.map
C:\Users\Ndiananie\Git\ProjectUpdates\PTAngular\projectupdatesfrontend\dist\out-tsc\src\app\components\bootstrap\tooltip\tooltip.component.js
C:\Users\Ndiananie\Git\ProjectUpdates\PTAngular\projectupdatesfrontend\dist\out-tsc\src\app\components\bootstrap\tooltip\tooltip.component.js.map
C:\Users\Ndiananie\Git\ProjectUpdates\PTAngular\projectupdatesfrontend\dist\out-tsc\src\app\components\bootstrap\typeahead\typeahead.component.js
C:\Users\Ndiananie\Git\ProjectUpdates\PTAngular\projectupdatesfrontend\dist\out-tsc\src\app\components\bootstrap\typeahead\typeahead.component.js.map
C:\Users\Ndiananie\Git\ProjectUpdates\PTAngular\projectupdatesfrontend\dist\out-tsc\src\app\components\bootstrap\ng-buttons\ng-buttons.component.js
C:\Users\Ndiananie\Git\ProjectUpdates\PTAngular\projectupdatesfrontend\dist\out-tsc\src\app\components\bootstrap\ng-buttons\ng-buttons.component.js.map
C:\Users\Ndiananie\Git\ProjectUpdates\PTAngular\projectupdatesfrontend\dist\out-tsc\src\app\components\extra\upload\upload.component.js
C:\Users\Ndiananie\Git\ProjectUpdates\PTAngular\projectupdatesfrontend\dist\out-tsc\src\app\components\extra\upload\upload.component.js.map
C:\Users\Ndiananie\Git\ProjectUpdates\PTAngular\projectupdatesfrontend\dist\out-tsc\src\app\components\extra\editor\editor.component.js
C:\Users\Ndiananie\Git\ProjectUpdates\PTAngular\projectupdatesfrontend\dist\out-tsc\src\app\components\extra\editor\editor.component.js.map
C:\Users\Ndiananie\Git\ProjectUpdates\PTAngular\projectupdatesfrontend\dist\out-tsc\src\app\components\extra\drag-drop\drag-drop.component.js
C:\Users\Ndiananie\Git\ProjectUpdates\PTAngular\projectupdatesfrontend\dist\out-tsc\src\app\components\extra\drag-drop\drag-drop.component.js.map
C:\Users\Ndiananie\Git\ProjectUpdates\PTAngular\projectupdatesfrontend\dist\out-tsc\src\app\components\extra\tour\tour.component.js
C:\Users\Ndiananie\Git\ProjectUpdates\PTAngular\projectupdatesfrontend\dist\out-tsc\src\app\components\extra\tour\tour.component.js.map
C:\Users\Ndiananie\Git\ProjectUpdates\PTAngular\projectupdatesfrontend\dist\out-tsc\src\app\components\extra\cropper\cropper.component.js
C:\Users\Ndiananie\Git\ProjectUpdates\PTAngular\projectupdatesfrontend\dist\out-tsc\src\app\components\extra\cropper\cropper.component.js.map
C:\Users\Ndiananie\Git\ProjectUpdates\PTAngular\projectupdatesfrontend\dist\out-tsc\src\app\components\extra\tags-input\tags-input.component.js
C:\Users\Ndiananie\Git\ProjectUpdates\PTAngular\projectupdatesfrontend\dist\out-tsc\src\app\components\extra\tags-input\tags-input.component.js.map
C:\Users\Ndiananie\Git\ProjectUpdates\PTAngular\projectupdatesfrontend\dist\out-tsc\src\app\components\extra\switch\switch.component.js
C:\Users\Ndiananie\Git\ProjectUpdates\PTAngular\projectupdatesfrontend\dist\out-tsc\src\app\components\extra\switch\switch.component.js.map
C:\Users\Ndiananie\Git\ProjectUpdates\PTAngular\projectupdatesfrontend\dist\out-tsc\src\app\components\extra\select\select.component.js
C:\Users\Ndiananie\Git\ProjectUpdates\PTAngular\projectupdatesfrontend\dist\out-tsc\src\app\components\extra\select\select.component.js.map
C:\Users\Ndiananie\Git\ProjectUpdates\PTAngular\projectupdatesfrontend\dist\out-tsc\src\app\components\bootstrap\tables\country.js
C:\Users\Ndiananie\Git\ProjectUpdates\PTAngular\projectupdatesfrontend\dist\out-tsc\src\app\components\bootstrap\tables\country.js.map
C:\Users\Ndiananie\Git\ProjectUpdates\PTAngular\projectupdatesfrontend\dist\out-tsc\src\app\components\bootstrap\tables\countries.js
C:\Users\Ndiananie\Git\ProjectUpdates\PTAngular\projectupdatesfrontend\dist\out-tsc\src\app\components\bootstrap\tables\countries.js.map
C:\Users\Ndiananie\Git\ProjectUpdates\PTAngular\projectupdatesfrontend\dist\out-tsc\src\app\components\bootstrap\tables\sortable.directive.js
C:\Users\Ndiananie\Git\ProjectUpdates\PTAngular\projectupdatesfrontend\dist\out-tsc\src\app\components\bootstrap\tables\sortable.directive.js.map
C:\Users\Ndiananie\Git\ProjectUpdates\PTAngular\projectupdatesfrontend\dist\out-tsc\src\app\components\bootstrap\tables\country.service.js
C:\Users\Ndiananie\Git\ProjectUpdates\PTAngular\projectupdatesfrontend\dist\out-tsc\src\app\components\bootstrap\tables\country.service.js.map
C:\Users\Ndiananie\Git\ProjectUpdates\PTAngular\projectupdatesfrontend\dist\out-tsc\src\app\components\bootstrap\tables\tables.component.js
C:\Users\Ndiananie\Git\ProjectUpdates\PTAngular\projectupdatesfrontend\dist\out-tsc\src\app\components\bootstrap\tables\tables.component.js.map
C:\Users\Ndiananie\Git\ProjectUpdates\PTAngular\projectupdatesfrontend\dist\out-tsc\src\app\components\ui-components-routing.module.js
C:\Users\Ndiananie\Git\ProjectUpdates\PTAngular\projectupdatesfrontend\dist\out-tsc\src\app\components\ui-components-routing.module.js.map
C:\Users\Ndiananie\Git\ProjectUpdates\PTAngular\projectupdatesfrontend\dist\out-tsc\src\app\components\ui-components.module.js
C:\Users\Ndiananie\Git\ProjectUpdates\PTAngular\projectupdatesfrontend\dist\out-tsc\src\app\components\ui-components.module.js.map
C:\Users\Ndiananie\Git\ProjectUpdates\PTAngular\projectupdatesfrontend\dist\out-tsc\src\app\dashboard\dashboard1\dashboard1.component.js
C:\Users\Ndiananie\Git\ProjectUpdates\PTAngular\projectupdatesfrontend\dist\out-tsc\src\app\dashboard\dashboard1\dashboard1.component.js.map
C:\Users\Ndiananie\Git\ProjectUpdates\PTAngular\projectupdatesfrontend\dist\out-tsc\src\app\dashboard\dashboard2\dashboard2.component.js
C:\Users\Ndiananie\Git\ProjectUpdates\PTAngular\projectupdatesfrontend\dist\out-tsc\src\app\dashboard\dashboard2\dashboard2.component.js.map
C:\Users\Ndiananie\Git\ProjectUpdates\PTAngular\projectupdatesfrontend\dist\out-tsc\src\app\dashboard\dashboard-routing.module.js
C:\Users\Ndiananie\Git\ProjectUpdates\PTAngular\projectupdatesfrontend\dist\out-tsc\src\app\dashboard\dashboard-routing.module.js.map
C:\Users\Ndiananie\Git\ProjectUpdates\PTAngular\projectupdatesfrontend\dist\out-tsc\src\app\dashboard\dashboard.module.js
C:\Users\Ndiananie\Git\ProjectUpdates\PTAngular\projectupdatesfrontend\dist\out-tsc\src\app\dashboard\dashboard.module.js.map
C:\Users\Ndiananie\Git\ProjectUpdates\PTAngular\projectupdatesfrontend\dist\out-tsc\src\app\data-tables\fullscreen\dt-fullscreen.component.js
C:\Users\Ndiananie\Git\ProjectUpdates\PTAngular\projectupdatesfrontend\dist\out-tsc\src\app\data-tables\fullscreen\dt-fullscreen.component.js.map
C:\Users\Ndiananie\Git\ProjectUpdates\PTAngular\projectupdatesfrontend\dist\out-tsc\src\app\data-tables\editing\dt-editing.component.js
C:\Users\Ndiananie\Git\ProjectUpdates\PTAngular\projectupdatesfrontend\dist\out-tsc\src\app\data-tables\editing\dt-editing.component.js.map
C:\Users\Ndiananie\Git\ProjectUpdates\PTAngular\projectupdatesfrontend\dist\out-tsc\src\app\data-tables\filter\dt-filter.component.js
C:\Users\Ndiananie\Git\ProjectUpdates\PTAngular\projectupdatesfrontend\dist\out-tsc\src\app\data-tables\filter\dt-filter.component.js.map
C:\Users\Ndiananie\Git\ProjectUpdates\PTAngular\projectupdatesfrontend\dist\out-tsc\src\app\data-tables\paging\dt-paging.component.js
C:\Users\Ndiananie\Git\ProjectUpdates\PTAngular\projectupdatesfrontend\dist\out-tsc\src\app\data-tables\paging\dt-paging.component.js.map
C:\Users\Ndiananie\Git\ProjectUpdates\PTAngular\projectupdatesfrontend\dist\out-tsc\src\app\data-tables\pinning\dt-pinning.component.js
C:\Users\Ndiananie\Git\ProjectUpdates\PTAngular\projectupdatesfrontend\dist\out-tsc\src\app\data-tables\pinning\dt-pinning.component.js.map
C:\Users\Ndiananie\Git\ProjectUpdates\PTAngular\projectupdatesfrontend\dist\out-tsc\src\app\data-tables\selection\dt-selection.component.js
C:\Users\Ndiananie\Git\ProjectUpdates\PTAngular\projectupdatesfrontend\dist\out-tsc\src\app\data-tables\selection\dt-selection.component.js.map
C:\Users\Ndiananie\Git\ProjectUpdates\PTAngular\projectupdatesfrontend\dist\out-tsc\src\app\data-tables\sorting\dt-sorting.component.js
C:\Users\Ndiananie\Git\ProjectUpdates\PTAngular\projectupdatesfrontend\dist\out-tsc\src\app\data-tables\sorting\dt-sorting.component.js.map
C:\Users\Ndiananie\Git\ProjectUpdates\PTAngular\projectupdatesfrontend\dist\out-tsc\src\app\data-tables\basic\dt-basic.component.js
C:\Users\Ndiananie\Git\ProjectUpdates\PTAngular\projectupdatesfrontend\dist\out-tsc\src\app\data-tables\basic\dt-basic.component.js.map
C:\Users\Ndiananie\Git\ProjectUpdates\PTAngular\projectupdatesfrontend\dist\out-tsc\src\app\data-tables\data-tables-routing.module.js
C:\Users\Ndiananie\Git\ProjectUpdates\PTAngular\projectupdatesfrontend\dist\out-tsc\src\app\data-tables\data-tables-routing.module.js.map
C:\Users\Ndiananie\Git\ProjectUpdates\PTAngular\projectupdatesfrontend\dist\out-tsc\src\app\data-tables\data-tables.module.js
C:\Users\Ndiananie\Git\ProjectUpdates\PTAngular\projectupdatesfrontend\dist\out-tsc\src\app\data-tables\data-tables.module.js.map
C:\Users\Ndiananie\Git\ProjectUpdates\PTAngular\projectupdatesfrontend\dist\out-tsc\src\app\forms\validation\validation-forms.component.js
C:\Users\Ndiananie\Git\ProjectUpdates\PTAngular\projectupdatesfrontend\dist\out-tsc\src\app\forms\validation\validation-forms.component.js.map
C:\Users\Ndiananie\Git\ProjectUpdates\PTAngular\projectupdatesfrontend\dist\out-tsc\src\app\forms\layouts\basic\basic.component.js
C:\Users\Ndiananie\Git\ProjectUpdates\PTAngular\projectupdatesfrontend\dist\out-tsc\src\app\forms\layouts\basic\basic.component.js.map
C:\Users\Ndiananie\Git\ProjectUpdates\PTAngular\projectupdatesfrontend\dist\out-tsc\src\app\forms\layouts\horizontal\horizontal.component.js
C:\Users\Ndiananie\Git\ProjectUpdates\PTAngular\projectupdatesfrontend\dist\out-tsc\src\app\forms\layouts\horizontal\horizontal.component.js.map
C:\Users\Ndiananie\Git\ProjectUpdates\PTAngular\projectupdatesfrontend\dist\out-tsc\src\app\forms\layouts\hidden-labels\hidden-labels.component.js
C:\Users\Ndiananie\Git\ProjectUpdates\PTAngular\projectupdatesfrontend\dist\out-tsc\src\app\forms\layouts\hidden-labels\hidden-labels.component.js.map
C:\Users\Ndiananie\Git\ProjectUpdates\PTAngular\projectupdatesfrontend\dist\out-tsc\src\app\forms\layouts\form-actions\form-actions.component.js
C:\Users\Ndiananie\Git\ProjectUpdates\PTAngular\projectupdatesfrontend\dist\out-tsc\src\app\forms\layouts\form-actions\form-actions.component.js.map
C:\Users\Ndiananie\Git\ProjectUpdates\PTAngular\projectupdatesfrontend\dist\out-tsc\src\app\forms\layouts\bordered\bordered.component.js
C:\Users\Ndiananie\Git\ProjectUpdates\PTAngular\projectupdatesfrontend\dist\out-tsc\src\app\forms\layouts\bordered\bordered.component.js.map
C:\Users\Ndiananie\Git\ProjectUpdates\PTAngular\projectupdatesfrontend\dist\out-tsc\src\app\forms\layouts\striped-rows\striped-rows.component.js
C:\Users\Ndiananie\Git\ProjectUpdates\PTAngular\projectupdatesfrontend\dist\out-tsc\src\app\forms\layouts\striped-rows\striped-rows.component.js.map
C:\Users\Ndiananie\Git\ProjectUpdates\PTAngular\projectupdatesfrontend\dist\out-tsc\src\app\forms\elements\inputs\inputs.component.js
C:\Users\Ndiananie\Git\ProjectUpdates\PTAngular\projectupdatesfrontend\dist\out-tsc\src\app\forms\elements\inputs\inputs.component.js.map
C:\Users\Ndiananie\Git\ProjectUpdates\PTAngular\projectupdatesfrontend\dist\out-tsc\src\app\forms\elements\input-groups\input-groups.component.js
C:\Users\Ndiananie\Git\ProjectUpdates\PTAngular\projectupdatesfrontend\dist\out-tsc\src\app\forms\elements\input-groups\input-groups.component.js.map
C:\Users\Ndiananie\Git\ProjectUpdates\PTAngular\projectupdatesfrontend\dist\out-tsc\src\app\forms\elements\input-grid\input-grid.component.js
C:\Users\Ndiananie\Git\ProjectUpdates\PTAngular\projectupdatesfrontend\dist\out-tsc\src\app\forms\elements\input-grid\input-grid.component.js.map
C:\Users\Ndiananie\Git\ProjectUpdates\PTAngular\projectupdatesfrontend\dist\out-tsc\src\app\forms\archwizard\archwizard.component.js
C:\Users\Ndiananie\Git\ProjectUpdates\PTAngular\projectupdatesfrontend\dist\out-tsc\src\app\forms\archwizard\archwizard.component.js.map
C:\Users\Ndiananie\Git\ProjectUpdates\PTAngular\projectupdatesfrontend\dist\out-tsc\src\app\forms\forms-routing.module.js
C:\Users\Ndiananie\Git\ProjectUpdates\PTAngular\projectupdatesfrontend\dist\out-tsc\src\app\forms\forms-routing.module.js.map
C:\Users\Ndiananie\Git\ProjectUpdates\PTAngular\projectupdatesfrontend\dist\out-tsc\src\app\forms\ngx-wizard\ngx-wizard.component.js
C:\Users\Ndiananie\Git\ProjectUpdates\PTAngular\projectupdatesfrontend\dist\out-tsc\src\app\forms\ngx-wizard\ngx-wizard.component.js.map
C:\Users\Ndiananie\Git\ProjectUpdates\PTAngular\projectupdatesfrontend\dist\out-tsc\src\app\forms\ngx-wizard\data\formData.model.js
C:\Users\Ndiananie\Git\ProjectUpdates\PTAngular\projectupdatesfrontend\dist\out-tsc\src\app\forms\ngx-wizard\data\formData.model.js.map
C:\Users\Ndiananie\Git\ProjectUpdates\PTAngular\projectupdatesfrontend\dist\out-tsc\src\app\forms\ngx-wizard\workflow\workflow.model.js
C:\Users\Ndiananie\Git\ProjectUpdates\PTAngular\projectupdatesfrontend\dist\out-tsc\src\app\forms\ngx-wizard\workflow\workflow.model.js.map
C:\Users\Ndiananie\Git\ProjectUpdates\PTAngular\projectupdatesfrontend\dist\out-tsc\src\app\forms\ngx-wizard\workflow\workflow.service.js
C:\Users\Ndiananie\Git\ProjectUpdates\PTAngular\projectupdatesfrontend\dist\out-tsc\src\app\forms\ngx-wizard\workflow\workflow.service.js.map
C:\Users\Ndiananie\Git\ProjectUpdates\PTAngular\projectupdatesfrontend\dist\out-tsc\src\app\forms\ngx-wizard\data\formData.service.js
C:\Users\Ndiananie\Git\ProjectUpdates\PTAngular\projectupdatesfrontend\dist\out-tsc\src\app\forms\ngx-wizard\data\formData.service.js.map
C:\Users\Ndiananie\Git\ProjectUpdates\PTAngular\projectupdatesfrontend\dist\out-tsc\src\app\forms\ngx-wizard\personal\personal.component.js
C:\Users\Ndiananie\Git\ProjectUpdates\PTAngular\projectupdatesfrontend\dist\out-tsc\src\app\forms\ngx-wizard\personal\personal.component.js.map
C:\Users\Ndiananie\Git\ProjectUpdates\PTAngular\projectupdatesfrontend\dist\out-tsc\src\app\forms\ngx-wizard\work\work.component.js
C:\Users\Ndiananie\Git\ProjectUpdates\PTAngular\projectupdatesfrontend\dist\out-tsc\src\app\forms\ngx-wizard\work\work.component.js.map
C:\Users\Ndiananie\Git\ProjectUpdates\PTAngular\projectupdatesfrontend\dist\out-tsc\src\app\forms\ngx-wizard\address\address.component.js
C:\Users\Ndiananie\Git\ProjectUpdates\PTAngular\projectupdatesfrontend\dist\out-tsc\src\app\forms\ngx-wizard\address\address.component.js.map
C:\Users\Ndiananie\Git\ProjectUpdates\PTAngular\projectupdatesfrontend\dist\out-tsc\src\app\forms\ngx-wizard\result\result.component.js
C:\Users\Ndiananie\Git\ProjectUpdates\PTAngular\projectupdatesfrontend\dist\out-tsc\src\app\forms\ngx-wizard\result\result.component.js.map
C:\Users\Ndiananie\Git\ProjectUpdates\PTAngular\projectupdatesfrontend\dist\out-tsc\src\app\forms\ngx-wizard\ngx-wizard-routing.module.js
C:\Users\Ndiananie\Git\ProjectUpdates\PTAngular\projectupdatesfrontend\dist\out-tsc\src\app\forms\ngx-wizard\ngx-wizard-routing.module.js.map
C:\Users\Ndiananie\Git\ProjectUpdates\PTAngular\projectupdatesfrontend\dist\out-tsc\src\app\forms\ngx-wizard\navbar\navbar.component.js
C:\Users\Ndiananie\Git\ProjectUpdates\PTAngular\projectupdatesfrontend\dist\out-tsc\src\app\forms\ngx-wizard\navbar\navbar.component.js.map
C:\Users\Ndiananie\Git\ProjectUpdates\PTAngular\projectupdatesfrontend\dist\out-tsc\src\app\forms\ngx-wizard\ngx-wizard.module.js
C:\Users\Ndiananie\Git\ProjectUpdates\PTAngular\projectupdatesfrontend\dist\out-tsc\src\app\forms\ngx-wizard\ngx-wizard.module.js.map
C:\Users\Ndiananie\Git\ProjectUpdates\PTAngular\projectupdatesfrontend\dist\out-tsc\src\app\forms\forms.module.js
C:\Users\Ndiananie\Git\ProjectUpdates\PTAngular\projectupdatesfrontend\dist\out-tsc\src\app\forms\forms.module.js.map
C:\Users\Ndiananie\Git\ProjectUpdates\PTAngular\projectupdatesfrontend\dist\out-tsc\src\app\inbox\inbox.model.js
C:\Users\Ndiananie\Git\ProjectUpdates\PTAngular\projectupdatesfrontend\dist\out-tsc\src\app\inbox\inbox.model.js.map
C:\Users\Ndiananie\Git\ProjectUpdates\PTAngular\projectupdatesfrontend\dist\out-tsc\src\app\inbox\inbox.service.js
C:\Users\Ndiananie\Git\ProjectUpdates\PTAngular\projectupdatesfrontend\dist\out-tsc\src\app\inbox\inbox.service.js.map
C:\Users\Ndiananie\Git\ProjectUpdates\PTAngular\projectupdatesfrontend\dist\out-tsc\src\app\inbox\inbox.component.js
C:\Users\Ndiananie\Git\ProjectUpdates\PTAngular\projectupdatesfrontend\dist\out-tsc\src\app\inbox\inbox.component.js.map
C:\Users\Ndiananie\Git\ProjectUpdates\PTAngular\projectupdatesfrontend\dist\out-tsc\src\app\inbox\inbox-routing.module.js
C:\Users\Ndiananie\Git\ProjectUpdates\PTAngular\projectupdatesfrontend\dist\out-tsc\src\app\inbox\inbox-routing.module.js.map
C:\Users\Ndiananie\Git\ProjectUpdates\PTAngular\projectupdatesfrontend\dist\out-tsc\src\app\shared\pipes\search.pipe.js
C:\Users\Ndiananie\Git\ProjectUpdates\PTAngular\projectupdatesfrontend\dist\out-tsc\src\app\shared\pipes\search.pipe.js.map
C:\Users\Ndiananie\Git\ProjectUpdates\PTAngular\projectupdatesfrontend\dist\out-tsc\src\app\inbox\inbox.module.js
C:\Users\Ndiananie\Git\ProjectUpdates\PTAngular\projectupdatesfrontend\dist\out-tsc\src\app\inbox\inbox.module.js.map
C:\Users\Ndiananie\Git\ProjectUpdates\PTAngular\projectupdatesfrontend\dist\out-tsc\src\app\maps\full-screen-map\full-screen-map.component.js
C:\Users\Ndiananie\Git\ProjectUpdates\PTAngular\projectupdatesfrontend\dist\out-tsc\src\app\maps\full-screen-map\full-screen-map.component.js.map
C:\Users\Ndiananie\Git\ProjectUpdates\PTAngular\projectupdatesfrontend\dist\out-tsc\src\app\maps\google-map\google-map.component.js
C:\Users\Ndiananie\Git\ProjectUpdates\PTAngular\projectupdatesfrontend\dist\out-tsc\src\app\maps\google-map\google-map.component.js.map
C:\Users\Ndiananie\Git\ProjectUpdates\PTAngular\projectupdatesfrontend\dist\out-tsc\src\app\maps\maps-routing.module.js
C:\Users\Ndiananie\Git\ProjectUpdates\PTAngular\projectupdatesfrontend\dist\out-tsc\src\app\maps\maps-routing.module.js.map
C:\Users\Ndiananie\Git\ProjectUpdates\PTAngular\projectupdatesfrontend\dist\out-tsc\src\app\maps\maps.module.js
C:\Users\Ndiananie\Git\ProjectUpdates\PTAngular\projectupdatesfrontend\dist\out-tsc\src\app\maps\maps.module.js.map
C:\Users\Ndiananie\Git\ProjectUpdates\PTAngular\projectupdatesfrontend\dist\out-tsc\src\app\player\player.component.js
C:\Users\Ndiananie\Git\ProjectUpdates\PTAngular\projectupdatesfrontend\dist\out-tsc\src\app\player\player.component.js.map
C:\Users\Ndiananie\Git\ProjectUpdates\PTAngular\projectupdatesfrontend\dist\out-tsc\src\app\player\player-routing.module.js
C:\Users\Ndiananie\Git\ProjectUpdates\PTAngular\projectupdatesfrontend\dist\out-tsc\src\app\player\player-routing.module.js.map
C:\Users\Ndiananie\Git\ProjectUpdates\PTAngular\projectupdatesfrontend\dist\out-tsc\src\app\player\player.module.js
C:\Users\Ndiananie\Git\ProjectUpdates\PTAngular\projectupdatesfrontend\dist\out-tsc\src\app\player\player.module.js.map
C:\Users\Ndiananie\Git\ProjectUpdates\PTAngular\projectupdatesfrontend\dist\out-tsc\src\app\tables\extended\extended-table.component.js
C:\Users\Ndiananie\Git\ProjectUpdates\PTAngular\projectupdatesfrontend\dist\out-tsc\src\app\tables\extended\extended-table.component.js.map
C:\Users\Ndiananie\Git\ProjectUpdates\PTAngular\projectupdatesfrontend\dist\out-tsc\src\app\tables\regular\regular-table.component.js
C:\Users\Ndiananie\Git\ProjectUpdates\PTAngular\projectupdatesfrontend\dist\out-tsc\src\app\tables\regular\regular-table.component.js.map
C:\Users\Ndiananie\Git\ProjectUpdates\PTAngular\projectupdatesfrontend\dist\out-tsc\src\app\shared\data\smart-data-table.js
C:\Users\Ndiananie\Git\ProjectUpdates\PTAngular\projectupdatesfrontend\dist\out-tsc\src\app\shared\data\smart-data-table.js.map
C:\Users\Ndiananie\Git\ProjectUpdates\PTAngular\projectupdatesfrontend\dist\out-tsc\src\app\tables\smart-data-table\smart-data-table.component.js
C:\Users\Ndiananie\Git\ProjectUpdates\PTAngular\projectupdatesfrontend\dist\out-tsc\src\app\tables\smart-data-table\smart-data-table.component.js.map
C:\Users\Ndiananie\Git\ProjectUpdates\PTAngular\projectupdatesfrontend\dist\out-tsc\src\app\tables\tables-routing.module.js
C:\Users\Ndiananie\Git\ProjectUpdates\PTAngular\projectupdatesfrontend\dist\out-tsc\src\app\tables\tables-routing.module.js.map
C:\Users\Ndiananie\Git\ProjectUpdates\PTAngular\projectupdatesfrontend\dist\out-tsc\src\app\tables\tables.module.js
C:\Users\Ndiananie\Git\ProjectUpdates\PTAngular\projectupdatesfrontend\dist\out-tsc\src\app\tables\tables.module.js.map
C:\Users\Ndiananie\Git\ProjectUpdates\PTAngular\projectupdatesfrontend\dist\out-tsc\src\app\taskboard\taskboard.model.js
C:\Users\Ndiananie\Git\ProjectUpdates\PTAngular\projectupdatesfrontend\dist\out-tsc\src\app\taskboard\taskboard.model.js.map
C:\Users\Ndiananie\Git\ProjectUpdates\PTAngular\projectupdatesfrontend\dist\out-tsc\src\app\taskboard\taskboard.service.js
C:\Users\Ndiananie\Git\ProjectUpdates\PTAngular\projectupdatesfrontend\dist\out-tsc\src\app\taskboard\taskboard.service.js.map
C:\Users\Ndiananie\Git\ProjectUpdates\PTAngular\projectupdatesfrontend\dist\out-tsc\src\app\taskboard\crud-modal\crud-modal.component.js
C:\Users\Ndiananie\Git\ProjectUpdates\PTAngular\projectupdatesfrontend\dist\out-tsc\src\app\taskboard\crud-modal\crud-modal.component.js.map
C:\Users\Ndiananie\Git\ProjectUpdates\PTAngular\projectupdatesfrontend\dist\out-tsc\src\app\taskboard\taskboard.component.js
C:\Users\Ndiananie\Git\ProjectUpdates\PTAngular\projectupdatesfrontend\dist\out-tsc\src\app\taskboard\taskboard.component.js.map
C:\Users\Ndiananie\Git\ProjectUpdates\PTAngular\projectupdatesfrontend\dist\out-tsc\src\app\taskboard\taskboard-routing.module.js
C:\Users\Ndiananie\Git\ProjectUpdates\PTAngular\projectupdatesfrontend\dist\out-tsc\src\app\taskboard\taskboard-routing.module.js.map
C:\Users\Ndiananie\Git\ProjectUpdates\PTAngular\projectupdatesfrontend\dist\out-tsc\src\app\taskboard\taskboard.module.js
C:\Users\Ndiananie\Git\ProjectUpdates\PTAngular\projectupdatesfrontend\dist\out-tsc\src\app\taskboard\taskboard.module.js.map
C:\Users\Ndiananie\Git\ProjectUpdates\PTAngular\projectupdatesfrontend\dist\out-tsc\src\app\taskboard-ngrx\taskboard-ngrx.model.js
C:\Users\Ndiananie\Git\ProjectUpdates\PTAngular\projectupdatesfrontend\dist\out-tsc\src\app\taskboard-ngrx\taskboard-ngrx.model.js.map
C:\Users\Ndiananie\Git\ProjectUpdates\PTAngular\projectupdatesfrontend\dist\out-tsc\src\app\taskboard-ngrx\store\taskboard.actions.js
C:\Users\Ndiananie\Git\ProjectUpdates\PTAngular\projectupdatesfrontend\dist\out-tsc\src\app\taskboard-ngrx\store\taskboard.actions.js.map
C:\Users\Ndiananie\Git\ProjectUpdates\PTAngular\projectupdatesfrontend\dist\out-tsc\src\app\taskboard-ngrx\store\taskboard.reducers.js
C:\Users\Ndiananie\Git\ProjectUpdates\PTAngular\projectupdatesfrontend\dist\out-tsc\src\app\taskboard-ngrx\store\taskboard.reducers.js.map
C:\Users\Ndiananie\Git\ProjectUpdates\PTAngular\projectupdatesfrontend\dist\out-tsc\src\app\taskboard-ngrx\taskboard-ngrx.component.js
C:\Users\Ndiananie\Git\ProjectUpdates\PTAngular\projectupdatesfrontend\dist\out-tsc\src\app\taskboard-ngrx\taskboard-ngrx.component.js.map
C:\Users\Ndiananie\Git\ProjectUpdates\PTAngular\projectupdatesfrontend\dist\out-tsc\src\app\taskboard-ngrx\taskboard-ngrx-routing.module.js
C:\Users\Ndiananie\Git\ProjectUpdates\PTAngular\projectupdatesfrontend\dist\out-tsc\src\app\taskboard-ngrx\taskboard-ngrx-routing.module.js.map
C:\Users\Ndiananie\Git\ProjectUpdates\PTAngular\projectupdatesfrontend\dist\out-tsc\src\app\taskboard-ngrx\taskboard-ngrx.module.js
C:\Users\Ndiananie\Git\ProjectUpdates\PTAngular\projectupdatesfrontend\dist\out-tsc\src\app\taskboard-ngrx\taskboard-ngrx.module.js.map
C:\Users\Ndiananie\Git\ProjectUpdates\PTAngular\projectupdatesfrontend\dist\out-tsc\src\app\taskboard-ngrx\taskboard-ngrx.service.js
C:\Users\Ndiananie\Git\ProjectUpdates\PTAngular\projectupdatesfrontend\dist\out-tsc\src\app\taskboard-ngrx\taskboard-ngrx.service.js.map
C:\Users\Ndiananie\Git\ProjectUpdates\PTAngular\projectupdatesfrontend\dist\out-tsc\src\app\ui-kit\grids\grids.component.js
C:\Users\Ndiananie\Git\ProjectUpdates\PTAngular\projectupdatesfrontend\dist\out-tsc\src\app\ui-kit\grids\grids.component.js.map
C:\Users\Ndiananie\Git\ProjectUpdates\PTAngular\projectupdatesfrontend\dist\out-tsc\src\app\ui-kit\typography\typography.component.js
C:\Users\Ndiananie\Git\ProjectUpdates\PTAngular\projectupdatesfrontend\dist\out-tsc\src\app\ui-kit\typography\typography.component.js.map
C:\Users\Ndiananie\Git\ProjectUpdates\PTAngular\projectupdatesfrontend\dist\out-tsc\src\app\ui-kit\helper-classes\helper-classes.component.js
C:\Users\Ndiananie\Git\ProjectUpdates\PTAngular\projectupdatesfrontend\dist\out-tsc\src\app\ui-kit\helper-classes\helper-classes.component.js.map
C:\Users\Ndiananie\Git\ProjectUpdates\PTAngular\projectupdatesfrontend\dist\out-tsc\src\app\ui-kit\syntax-highlighter\syntax-highlighter.component.js
C:\Users\Ndiananie\Git\ProjectUpdates\PTAngular\projectupdatesfrontend\dist\out-tsc\src\app\ui-kit\syntax-highlighter\syntax-highlighter.component.js.map
C:\Users\Ndiananie\Git\ProjectUpdates\PTAngular\projectupdatesfrontend\dist\out-tsc\src\app\ui-kit\text-utilities\text-utilities.component.js
C:\Users\Ndiananie\Git\ProjectUpdates\PTAngular\projectupdatesfrontend\dist\out-tsc\src\app\ui-kit\text-utilities\text-utilities.component.js.map
C:\Users\Ndiananie\Git\ProjectUpdates\PTAngular\projectupdatesfrontend\dist\out-tsc\src\app\ui-kit\icons\feather\feather.component.js
C:\Users\Ndiananie\Git\ProjectUpdates\PTAngular\projectupdatesfrontend\dist\out-tsc\src\app\ui-kit\icons\feather\feather.component.js.map
C:\Users\Ndiananie\Git\ProjectUpdates\PTAngular\projectupdatesfrontend\dist\out-tsc\src\app\ui-kit\icons\font-awesome\font-awesome.component.js
C:\Users\Ndiananie\Git\ProjectUpdates\PTAngular\projectupdatesfrontend\dist\out-tsc\src\app\ui-kit\icons\font-awesome\font-awesome.component.js.map
C:\Users\Ndiananie\Git\ProjectUpdates\PTAngular\projectupdatesfrontend\dist\out-tsc\src\app\ui-kit\icons\simple-line\simple-line.component.js
C:\Users\Ndiananie\Git\ProjectUpdates\PTAngular\projectupdatesfrontend\dist\out-tsc\src\app\ui-kit\icons\simple-line\simple-line.component.js.map
C:\Users\Ndiananie\Git\ProjectUpdates\PTAngular\projectupdatesfrontend\dist\out-tsc\src\app\ui-kit\ui-kit-routing.module.js
C:\Users\Ndiananie\Git\ProjectUpdates\PTAngular\projectupdatesfrontend\dist\out-tsc\src\app\ui-kit\ui-kit-routing.module.js.map
C:\Users\Ndiananie\Git\ProjectUpdates\PTAngular\projectupdatesfrontend\dist\out-tsc\src\app\ui-kit\ui-kit.module.js
C:\Users\Ndiananie\Git\ProjectUpdates\PTAngular\projectupdatesfrontend\dist\out-tsc\src\app\ui-kit\ui-kit.module.js.map
C:\Users\Ndiananie\Git\ProjectUpdates\PTAngular\projectupdatesfrontend\dist\out-tsc\src\app\pages\content-pages\coming-soon\coming-soon-page.component.js
C:\Users\Ndiananie\Git\ProjectUpdates\PTAngular\projectupdatesfrontend\dist\out-tsc\src\app\pages\content-pages\coming-soon\coming-soon-page.component.js.map
C:\Users\Ndiananie\Git\ProjectUpdates\PTAngular\projectupdatesfrontend\dist\out-tsc\src\app\pages\content-pages\error\error-page.component.js
C:\Users\Ndiananie\Git\ProjectUpdates\PTAngular\projectupdatesfrontend\dist\out-tsc\src\app\pages\content-pages\error\error-page.component.js.map
C:\Users\Ndiananie\Git\ProjectUpdates\PTAngular\projectupdatesfrontend\dist\out-tsc\src\app\pages\content-pages\forgot-password\forgot-password-page.component.js
C:\Users\Ndiananie\Git\ProjectUpdates\PTAngular\projectupdatesfrontend\dist\out-tsc\src\app\pages\content-pages\forgot-password\forgot-password-page.component.js.map
C:\Users\Ndiananie\Git\ProjectUpdates\PTAngular\projectupdatesfrontend\dist\out-tsc\src\app\pages\content-pages\lock-screen\lock-screen-page.component.js
C:\Users\Ndiananie\Git\ProjectUpdates\PTAngular\projectupdatesfrontend\dist\out-tsc\src\app\pages\content-pages\lock-screen\lock-screen-page.component.js.map
C:\Users\Ndiananie\Git\ProjectUpdates\PTAngular\projectupdatesfrontend\dist\out-tsc\src\app\pages\content-pages\login\login-page.component.js
C:\Users\Ndiananie\Git\ProjectUpdates\PTAngular\projectupdatesfrontend\dist\out-tsc\src\app\pages\content-pages\login\login-page.component.js.map
C:\Users\Ndiananie\Git\ProjectUpdates\PTAngular\projectupdatesfrontend\dist\out-tsc\src\app\pages\content-pages\maintenance\maintenance-page.component.js
C:\Users\Ndiananie\Git\ProjectUpdates\PTAngular\projectupdatesfrontend\dist\out-tsc\src\app\pages\content-pages\maintenance\maintenance-page.component.js.map
C:\Users\Ndiananie\Git\ProjectUpdates\PTAngular\projectupdatesfrontend\dist\out-tsc\src\app\pages\content-pages\register\register-page.component.js
C:\Users\Ndiananie\Git\ProjectUpdates\PTAngular\projectupdatesfrontend\dist\out-tsc\src\app\pages\content-pages\register\register-page.component.js.map
C:\Users\Ndiananie\Git\ProjectUpdates\PTAngular\projectupdatesfrontend\dist\out-tsc\src\app\pages\content-pages\content-pages-routing.module.js
C:\Users\Ndiananie\Git\ProjectUpdates\PTAngular\projectupdatesfrontend\dist\out-tsc\src\app\pages\content-pages\content-pages-routing.module.js.map
C:\Users\Ndiananie\Git\ProjectUpdates\PTAngular\projectupdatesfrontend\dist\out-tsc\src\app\pages\content-pages\content-pages.module.js
C:\Users\Ndiananie\Git\ProjectUpdates\PTAngular\projectupdatesfrontend\dist\out-tsc\src\app\pages\content-pages\content-pages.module.js.map
C:\Users\Ndiananie\Git\ProjectUpdates\PTAngular\projectupdatesfrontend\dist\out-tsc\src\app\pages\full-pages\gallery\gallery-page.component.js
C:\Users\Ndiananie\Git\ProjectUpdates\PTAngular\projectupdatesfrontend\dist\out-tsc\src\app\pages\full-pages\gallery\gallery-page.component.js.map
C:\Users\Ndiananie\Git\ProjectUpdates\PTAngular\projectupdatesfrontend\dist\out-tsc\src\app\pages\full-pages\invoice\invoice-page.component.js
C:\Users\Ndiananie\Git\ProjectUpdates\PTAngular\projectupdatesfrontend\dist\out-tsc\src\app\pages\full-pages\invoice\invoice-page.component.js.map
C:\Users\Ndiananie\Git\ProjectUpdates\PTAngular\projectupdatesfrontend\dist\out-tsc\src\app\pages\full-pages\timeline\horizontal\component\timeline-element.js
C:\Users\Ndiananie\Git\ProjectUpdates\PTAngular\projectupdatesfrontend\dist\out-tsc\src\app\pages\full-pages\timeline\horizontal\component\timeline-element.js.map
C:\Users\Ndiananie\Git\ProjectUpdates\PTAngular\projectupdatesfrontend\dist\out-tsc\src\app\pages\full-pages\timeline\horizontal\horizontal-timeline-page.component.js
C:\Users\Ndiananie\Git\ProjectUpdates\PTAngular\projectupdatesfrontend\dist\out-tsc\src\app\pages\full-pages\timeline\horizontal\horizontal-timeline-page.component.js.map
C:\Users\Ndiananie\Git\ProjectUpdates\PTAngular\projectupdatesfrontend\dist\out-tsc\src\app\pages\full-pages\timeline\vertical\vertical-timeline-page.component.js
C:\Users\Ndiananie\Git\ProjectUpdates\PTAngular\projectupdatesfrontend\dist\out-tsc\src\app\pages\full-pages\timeline\vertical\vertical-timeline-page.component.js.map
C:\Users\Ndiananie\Git\ProjectUpdates\PTAngular\projectupdatesfrontend\dist\out-tsc\src\app\pages\full-pages\user-profile\user-profile-page.component.js
C:\Users\Ndiananie\Git\ProjectUpdates\PTAngular\projectupdatesfrontend\dist\out-tsc\src\app\pages\full-pages\user-profile\user-profile-page.component.js.map
C:\Users\Ndiananie\Git\ProjectUpdates\PTAngular\projectupdatesfrontend\dist\out-tsc\src\app\pages\full-pages\search\search.component.js
C:\Users\Ndiananie\Git\ProjectUpdates\PTAngular\projectupdatesfrontend\dist\out-tsc\src\app\pages\full-pages\search\search.component.js.map
C:\Users\Ndiananie\Git\ProjectUpdates\PTAngular\projectupdatesfrontend\dist\out-tsc\src\app\pages\full-pages\faq\faq.model.js
C:\Users\Ndiananie\Git\ProjectUpdates\PTAngular\projectupdatesfrontend\dist\out-tsc\src\app\pages\full-pages\faq\faq.model.js.map
C:\Users\Ndiananie\Git\ProjectUpdates\PTAngular\projectupdatesfrontend\dist\out-tsc\src\app\pages\full-pages\faq\faq.service.js
C:\Users\Ndiananie\Git\ProjectUpdates\PTAngular\projectupdatesfrontend\dist\out-tsc\src\app\pages\full-pages\faq\faq.service.js.map
C:\Users\Ndiananie\Git\ProjectUpdates\PTAngular\projectupdatesfrontend\dist\out-tsc\src\app\pages\full-pages\faq\faq.component.js
C:\Users\Ndiananie\Git\ProjectUpdates\PTAngular\projectupdatesfrontend\dist\out-tsc\src\app\pages\full-pages\faq\faq.component.js.map
C:\Users\Ndiananie\Git\ProjectUpdates\PTAngular\projectupdatesfrontend\dist\out-tsc\src\app\pages\full-pages\knowledge-base\knowledge-base.component.js
C:\Users\Ndiananie\Git\ProjectUpdates\PTAngular\projectupdatesfrontend\dist\out-tsc\src\app\pages\full-pages\knowledge-base\knowledge-base.component.js.map
C:\Users\Ndiananie\Git\ProjectUpdates\PTAngular\projectupdatesfrontend\dist\out-tsc\src\app\pages\full-pages\full-pages-routing.module.js
C:\Users\Ndiananie\Git\ProjectUpdates\PTAngular\projectupdatesfrontend\dist\out-tsc\src\app\pages\full-pages\full-pages-routing.module.js.map
C:\Users\Ndiananie\Git\ProjectUpdates\PTAngular\projectupdatesfrontend\dist\out-tsc\src\app\pages\full-pages\timeline\horizontal\component\horizontal-timeline.component.js
C:\Users\Ndiananie\Git\ProjectUpdates\PTAngular\projectupdatesfrontend\dist\out-tsc\src\app\pages\full-pages\timeline\horizontal\component\horizontal-timeline.component.js.map
C:\Users\Ndiananie\Git\ProjectUpdates\PTAngular\projectupdatesfrontend\dist\out-tsc\src\app\pages\full-pages\full-pages.module.js
C:\Users\Ndiananie\Git\ProjectUpdates\PTAngular\projectupdatesfrontend\dist\out-tsc\src\app\pages\full-pages\full-pages.module.js.map
C:\Users\Ndiananie\Git\ProjectUpdates\PTAngular\projectupdatesfrontend\dist\out-tsc\src\app\shared\data\dropdowns.js
C:\Users\Ndiananie\Git\ProjectUpdates\PTAngular\projectupdatesfrontend\dist\out-tsc\src\app\shared\data\dropdowns.js.map
C:\Users\Ndiananie\Git\ProjectUpdates\PTAngular\projectupdatesfrontend\dist\out-tsc\src\app\shared\forms\Country.js
C:\Users\Ndiananie\Git\ProjectUpdates\PTAngular\projectupdatesfrontend\dist\out-tsc\src\app\shared\forms\Country.js.map
C:\Users\Ndiananie\Git\ProjectUpdates\PTAngular\projectupdatesfrontend\dist\out-tsc\src\app\shared\forms\States.js
C:\Users\Ndiananie\Git\ProjectUpdates\PTAngular\projectupdatesfrontend\dist\out-tsc\src\app\shared\forms\States.js.map
C:\Users\Ndiananie\Git\ProjectUpdates\PTAngular\projectupdatesfrontend\dist\out-tsc\src\app\taskboard\crud-modal\crud-modal.component.spec.js
C:\Users\Ndiananie\Git\ProjectUpdates\PTAngular\projectupdatesfrontend\dist\out-tsc\src\app\taskboard\crud-modal\crud-modal.component.spec.js.map
C:\Users\Ndiananie\Git\ProjectUpdates\PTAngular\projectupdatesfrontend\dist\out-tsc\src\app\components\bootstrap\tables\tables.component.spec.js
C:\Users\Ndiananie\Git\ProjectUpdates\PTAngular\projectupdatesfrontend\dist\out-tsc\src\app\components\bootstrap\tables\tables.component.spec.js.map
